TN:
SF:src\app.js
FN:34,(anonymous_0)
FN:38,(anonymous_1)
FN:42,(anonymous_2)
FNF:3
FNH:0
FNDA:0,(anonymous_0)
FNDA:0,(anonymous_1)
FNDA:0,(anonymous_2)
DA:6,3
DA:7,3
DA:8,3
DA:13,3
DA:16,3
DA:17,3
DA:20,3
DA:21,3
DA:22,3
DA:23,3
DA:25,3
DA:26,3
DA:27,3
DA:28,3
DA:30,3
DA:31,3
DA:32,3
DA:34,3
DA:35,0
DA:38,3
DA:39,0
DA:42,3
DA:43,0
DA:47,3
LF:24
LH:21
BRDA:10,0,0,3
BRDA:10,0,1,0
BRF:2
BRH:1
end_of_record
TN:
SF:src\config\database.js
FN:15,(anonymous_0)
FN:17,(anonymous_1)
FNF:2
FNH:1
FNDA:43,(anonymous_0)
FNDA:0,(anonymous_1)
DA:1,3
DA:3,3
DA:15,43
DA:17,3
DA:18,0
DA:19,0
DA:20,0
DA:22,0
DA:26,3
LF:9
LH:5
BRDA:4,0,0,3
BRDA:4,0,1,0
BRDA:5,1,0,3
BRDA:5,1,1,0
BRDA:6,2,0,3
BRDA:6,2,1,0
BRDA:7,3,0,3
BRDA:7,3,1,0
BRDA:8,4,0,3
BRDA:8,4,1,0
BRF:10
BRH:5
end_of_record
TN:
SF:src\controllers\auth.controller.js
FN:11,(anonymous_0)
FN:28,(anonymous_1)
FN:94,(anonymous_2)
FN:162,(anonymous_3)
FN:191,(anonymous_4)
FNF:5
FNH:4
FNDA:19,(anonymous_0)
FNDA:5,(anonymous_1)
FNDA:20,(anonymous_2)
FNDA:1,(anonymous_3)
FNDA:0,(anonymous_4)
DA:4,3
DA:5,3
DA:6,3
DA:11,3
DA:12,19
DA:14,19
DA:28,3
DA:29,5
DA:30,5
DA:33,5
DA:34,1
DA:40,4
DA:41,1
DA:48,3
DA:53,3
DA:54,1
DA:63,2
DA:64,2
DA:67,2
DA:74,2
DA:77,2
DA:79,2
DA:86,0
DA:87,0
DA:94,3
DA:95,20
DA:96,20
DA:99,20
DA:100,1
DA:107,19
DA:113,19
DA:116,19
DA:121,19
DA:122,1
DA:125,18
DA:126,0
DA:134,18
DA:136,18
DA:137,1
DA:141,17
DA:144,17
DA:146,17
DA:153,0
DA:154,0
DA:162,3
DA:163,1
DA:165,1
DA:171,1
DA:172,0
DA:178,1
DA:183,0
DA:184,0
DA:191,3
DA:192,0
DA:193,0
DA:195,0
DA:196,0
DA:202,0
DA:203,0
DA:210,0
DA:215,0
DA:220,0
DA:221,0
DA:228,0
DA:229,0
DA:231,0
DA:236,0
DA:241,0
DA:242,0
DA:246,3
LF:70
LH:46
BRDA:33,0,0,1
BRDA:33,0,1,4
BRDA:33,1,0,5
BRDA:33,1,1,4
BRDA:33,1,2,4
BRDA:33,1,3,4
BRDA:40,2,0,1
BRDA:40,2,1,3
BRDA:53,3,0,1
BRDA:53,3,1,2
BRDA:63,4,0,2
BRDA:63,4,1,0
BRDA:71,5,0,2
BRDA:71,5,1,2
BRDA:99,6,0,1
BRDA:99,6,1,19
BRDA:99,7,0,20
BRDA:99,7,1,19
BRDA:121,8,0,1
BRDA:121,8,1,18
BRDA:125,9,0,0
BRDA:125,9,1,18
BRDA:136,10,0,1
BRDA:136,10,1,17
BRDA:171,11,0,0
BRDA:171,11,1,1
BRDA:195,12,0,0
BRDA:195,12,1,0
BRDA:195,13,0,0
BRDA:195,13,1,0
BRDA:202,14,0,0
BRDA:202,14,1,0
BRDA:220,15,0,0
BRDA:220,15,1,0
BRDA:228,16,0,0
BRDA:228,16,1,0
BRF:36
BRH:23
end_of_record
TN:
SF:src\controllers\clock.controller.js
FN:7,(anonymous_0)
FN:73,(anonymous_1)
FN:114,(anonymous_2)
FN:151,(anonymous_3)
FNF:4
FNH:4
FNDA:4,(anonymous_0)
FNDA:2,(anonymous_1)
FNDA:1,(anonymous_2)
FNDA:1,(anonymous_3)
DA:4,3
DA:7,3
DA:8,4
DA:9,4
DA:11,4
DA:12,1
DA:19,3
DA:24,3
DA:25,0
DA:31,3
DA:34,3
DA:42,3
DA:45,3
DA:50,3
DA:57,3
DA:61,3
DA:67,0
DA:68,0
DA:73,3
DA:74,2
DA:75,2
DA:78,2
DA:83,2
DA:84,0
DA:90,2
DA:93,2
DA:101,2
DA:108,0
DA:109,0
DA:114,3
DA:115,1
DA:118,1
DA:151,1
DA:156,1
DA:162,0
DA:163,0
DA:167,3
LF:37
LH:29
BRDA:11,0,0,1
BRDA:11,0,1,3
BRDA:24,1,0,0
BRDA:24,1,1,3
BRDA:45,2,0,2
BRDA:45,2,1,1
BRDA:45,3,0,3
BRDA:45,3,1,1
BRDA:57,4,0,2
BRDA:57,4,1,1
BRDA:83,5,0,0
BRDA:83,5,1,2
BRF:12
BRH:10
end_of_record
TN:
SF:src\controllers\team.controller.js
FN:9,(anonymous_0)
FN:42,(anonymous_1)
FN:89,(anonymous_2)
FN:163,(anonymous_3)
FN:200,(anonymous_4)
FN:230,(anonymous_5)
FN:262,(anonymous_6)
FNF:7
FNH:0
FNDA:0,(anonymous_0)
FNDA:0,(anonymous_1)
FNDA:0,(anonymous_2)
FNDA:0,(anonymous_3)
FNDA:0,(anonymous_4)
FNDA:0,(anonymous_5)
FNDA:0,(anonymous_6)
DA:4,3
DA:9,3
DA:10,0
DA:12,0
DA:28,0
DA:34,0
DA:35,0
DA:42,3
DA:43,0
DA:44,0
DA:47,0
DA:55,0
DA:56,0
DA:63,0
DA:73,0
DA:81,0
DA:82,0
DA:89,3
DA:90,0
DA:91,0
DA:93,0
DA:94,0
DA:101,0
DA:102,0
DA:107,0
DA:108,0
DA:117,0
DA:119,0
DA:120,0
DA:122,0
DA:129,0
DA:132,0
DA:133,0
DA:141,0
DA:143,0
DA:149,0
DA:150,0
DA:152,0
DA:155,0
DA:156,0
DA:163,3
DA:164,0
DA:165,0
DA:166,0
DA:168,0
DA:179,0
DA:180,0
DA:186,0
DA:192,0
DA:193,0
DA:200,3
DA:201,0
DA:202,0
DA:204,0
DA:209,0
DA:210,0
DA:216,0
DA:222,0
DA:223,0
DA:230,3
DA:231,0
DA:232,0
DA:233,0
DA:235,0
DA:236,0
DA:242,0
DA:249,0
DA:254,0
DA:255,0
DA:262,3
DA:263,0
DA:264,0
DA:266,0
DA:271,0
DA:276,0
DA:277,0
DA:281,3
LF:77
LH:9
BRDA:55,0,0,0
BRDA:55,0,1,0
BRDA:93,1,0,0
BRDA:93,1,1,0
BRDA:101,2,0,0
BRDA:101,2,1,0
BRDA:107,3,0,0
BRDA:107,3,1,0
BRDA:126,4,0,0
BRDA:126,4,1,0
BRDA:126,5,0,0
BRDA:126,5,1,0
BRDA:132,6,0,0
BRDA:132,6,1,0
BRDA:179,7,0,0
BRDA:179,7,1,0
BRDA:209,8,0,0
BRDA:209,8,1,0
BRDA:235,9,0,0
BRDA:235,9,1,0
BRF:20
BRH:0
end_of_record
TN:
SF:src\controllers\user.controller.js
FN:9,(anonymous_0)
FN:38,(anonymous_1)
FN:70,(anonymous_2)
FN:111,(anonymous_3)
FN:152,(anonymous_4)
FNF:5
FNH:3
FNDA:1,(anonymous_0)
FNDA:0,(anonymous_1)
FNDA:0,(anonymous_2)
FNDA:2,(anonymous_3)
FNDA:1,(anonymous_4)
DA:4,3
DA:9,3
DA:10,1
DA:12,1
DA:20,1
DA:26,0
DA:27,0
DA:38,3
DA:39,0
DA:40,0
DA:42,0
DA:50,0
DA:51,0
DA:57,0
DA:62,0
DA:63,0
DA:70,3
DA:71,0
DA:72,0
DA:75,0
DA:76,0
DA:83,0
DA:90,0
DA:97,0
DA:98,0
DA:103,0
DA:104,0
DA:111,3
DA:112,2
DA:113,2
DA:114,2
DA:116,2
DA:131,2
DA:132,1
DA:138,1
DA:144,0
DA:145,0
DA:152,3
DA:153,1
DA:154,1
DA:159,1
DA:167,1
DA:168,0
DA:174,1
DA:180,0
DA:181,0
DA:185,3
LF:47
LH:22
BRDA:50,0,0,0
BRDA:50,0,1,0
BRDA:75,1,0,0
BRDA:75,1,1,0
BRDA:75,2,0,0
BRDA:75,2,1,0
BRDA:75,2,2,0
BRDA:87,3,0,0
BRDA:87,3,1,0
BRDA:87,4,0,0
BRDA:87,4,1,0
BRDA:97,5,0,0
BRDA:97,5,1,0
BRDA:131,6,0,1
BRDA:131,6,1,1
BRDA:167,7,0,0
BRDA:167,7,1,1
BRF:17
BRH:3
end_of_record
TN:
SF:src\middleware\auth.middleware.js
FN:6,(anonymous_0)
FNF:1
FNH:1
FNDA:19,(anonymous_0)
DA:4,3
DA:6,3
DA:7,19
DA:11,19
DA:13,19
DA:14,3
DA:21,16
DA:25,16
DA:26,15
DA:30,15
DA:37,15
DA:39,1
DA:40,0
DA:45,1
DA:52,3
LF:15
LH:14
BRDA:13,0,0,3
BRDA:13,0,1,16
BRDA:13,1,0,19
BRDA:13,1,1,16
BRDA:39,2,0,0
BRDA:39,2,1,1
BRF:6
BRH:5
end_of_record
TN:
SF:src\middleware\role.middleware.js
FN:8,(anonymous_0)
FN:9,(anonymous_1)
FNF:2
FNH:2
FNDA:9,(anonymous_0)
FNDA:6,(anonymous_1)
DA:8,3
DA:9,9
DA:11,6
DA:12,0
DA:19,6
DA:20,3
DA:26,3
DA:31,3
DA:32,3
DA:33,3
DA:35,3
LF:11
LH:10
BRDA:11,0,0,0
BRDA:11,0,1,6
BRDA:19,1,0,3
BRDA:19,1,1,3
BRF:4
BRH:3
end_of_record
TN:
SF:src\routes\auth.routes.js
FNF:0
FNH:0
DA:4,3
DA:5,3
DA:6,3
DA:7,3
DA:10,3
DA:11,3
DA:14,3
DA:15,3
DA:17,3
LF:9
LH:9
BRF:0
BRH:0
end_of_record
TN:
SF:src\routes\clock.routes.js
FNF:0
FNH:0
DA:1,3
DA:2,3
DA:3,3
DA:4,3
DA:5,3
DA:7,3
DA:8,3
DA:10,3
LF:8
LH:8
BRF:0
BRH:0
end_of_record
TN:
SF:src\routes\team.routes.js
FNF:0
FNH:0
DA:1,3
DA:2,3
DA:6,3
DA:7,3
DA:8,3
DA:10,3
DA:11,3
DA:12,3
DA:13,3
DA:14,3
DA:15,3
DA:16,3
DA:18,3
LF:13
LH:13
BRF:0
BRH:0
end_of_record
TN:
SF:src\routes\user.routes.js
FNF:0
FNH:0
DA:1,3
DA:2,3
DA:5,3
DA:6,3
DA:7,3
DA:13,3
DA:14,3
DA:15,3
DA:16,3
DA:17,3
DA:19,3
LF:11
LH:11
BRF:0
BRH:0
end_of_record
