TN:
SF:src\app.js
FN:34,(anonymous_0)
FN:38,(anonymous_1)
FN:42,(anonymous_2)
FNF:3
FNH:0
FNDA:0,(anonymous_0)
FNDA:0,(anonymous_1)
FNDA:0,(anonymous_2)
DA:6,3
DA:7,3
DA:8,3
DA:13,3
DA:16,3
DA:17,3
DA:20,3
DA:21,3
DA:22,3
DA:23,3
DA:25,3
DA:26,3
DA:27,3
DA:28,3
DA:30,3
DA:31,3
DA:32,3
DA:34,3
DA:35,0
DA:38,3
DA:39,0
DA:42,3
DA:43,0
DA:47,3
LF:24
LH:21
BRDA:10,0,0,3
BRDA:10,0,1,0
BRF:2
BRH:1
end_of_record
TN:
SF:src\index.js
FN:10,(anonymous_0)
FNF:1
FNH:0
FNDA:0,(anonymous_0)
DA:4,0
DA:6,0
DA:8,0
DA:10,0
DA:11,0
DA:12,0
DA:13,0
LF:7
LH:0
BRDA:8,0,0,0
BRDA:8,0,1,0
BRF:2
BRH:0
end_of_record
TN:
SF:src\config\database.js
FN:15,(anonymous_0)
FN:17,(anonymous_1)
FNF:2
FNH:1
FNDA:53,(anonymous_0)
FNDA:0,(anonymous_1)
DA:1,4
DA:3,4
DA:15,53
DA:17,4
DA:18,0
DA:19,0
DA:20,0
DA:22,0
DA:26,4
LF:9
LH:5
BRDA:4,0,0,4
BRDA:4,0,1,0
BRDA:5,1,0,4
BRDA:5,1,1,0
BRDA:6,2,0,4
BRDA:6,2,1,0
BRDA:7,3,0,4
BRDA:7,3,1,0
BRDA:8,4,0,4
BRDA:8,4,1,0
BRF:10
BRH:5
end_of_record
TN:
SF:src\controllers\auth.controller.js
FN:5,(anonymous_0)
FN:15,(anonymous_1)
FN:33,(anonymous_2)
FN:99,(anonymous_3)
FN:169,(anonymous_4)
FN:198,(anonymous_5)
FNF:6
FNH:5
FNDA:3,(anonymous_0)
FNDA:13,(anonymous_1)
FNDA:5,(anonymous_2)
FNDA:18,(anonymous_3)
FNDA:1,(anonymous_4)
FNDA:0,(anonymous_5)
DA:4,3
DA:5,3
DA:6,3
DA:7,3
DA:9,3
DA:10,3
DA:15,3
DA:16,13
DA:33,3
DA:34,5
DA:35,5
DA:38,5
DA:39,1
DA:45,4
DA:46,1
DA:53,3
DA:58,3
DA:59,1
DA:68,2
DA:69,2
DA:72,2
DA:79,2
DA:82,2
DA:84,2
DA:91,0
DA:92,0
DA:99,3
DA:100,18
DA:101,18
DA:102,18
DA:103,18
DA:105,18
DA:106,1
DA:113,17
DA:119,17
DA:122,17
DA:127,17
DA:128,5
DA:131,12
DA:132,0
DA:140,12
DA:141,12
DA:142,12
DA:143,12
DA:144,1
DA:148,11
DA:151,11
DA:153,11
DA:160,0
DA:161,0
DA:169,3
DA:170,1
DA:172,1
DA:178,1
DA:179,0
DA:185,1
DA:190,0
DA:191,0
DA:198,3
DA:199,0
DA:200,0
DA:202,0
DA:203,0
DA:209,0
DA:210,0
DA:217,0
DA:222,0
DA:227,0
DA:228,0
DA:235,0
DA:236,0
DA:238,0
DA:243,0
DA:248,0
DA:249,0
DA:253,3
LF:76
LH:52
BRDA:26,0,0,13
BRDA:26,0,1,0
BRDA:38,1,0,1
BRDA:38,1,1,4
BRDA:38,2,0,5
BRDA:38,2,1,4
BRDA:38,2,2,4
BRDA:38,2,3,4
BRDA:45,3,0,1
BRDA:45,3,1,3
BRDA:58,4,0,1
BRDA:58,4,1,2
BRDA:68,5,0,2
BRDA:68,5,1,0
BRDA:76,6,0,2
BRDA:76,6,1,2
BRDA:105,7,0,1
BRDA:105,7,1,17
BRDA:105,8,0,18
BRDA:105,8,1,17
BRDA:127,9,0,5
BRDA:127,9,1,12
BRDA:131,10,0,0
BRDA:131,10,1,12
BRDA:143,11,0,1
BRDA:143,11,1,11
BRDA:178,12,0,0
BRDA:178,12,1,1
BRDA:202,13,0,0
BRDA:202,13,1,0
BRDA:202,14,0,0
BRDA:202,14,1,0
BRDA:209,15,0,0
BRDA:209,15,1,0
BRDA:227,16,0,0
BRDA:227,16,1,0
BRDA:235,17,0,0
BRDA:235,17,1,0
BRF:38
BRH:24
end_of_record
TN:
SF:src\controllers\clock.controller.js
FN:7,(anonymous_0)
FN:73,(anonymous_1)
FN:114,(anonymous_2)
FN:151,(anonymous_3)
FNF:4
FNH:2
FNDA:0,(anonymous_0)
FNDA:1,(anonymous_1)
FNDA:1,(anonymous_2)
FNDA:0,(anonymous_3)
DA:4,3
DA:7,3
DA:8,0
DA:9,0
DA:11,0
DA:12,0
DA:19,0
DA:24,0
DA:25,0
DA:31,0
DA:34,0
DA:42,0
DA:45,0
DA:50,0
DA:57,0
DA:61,0
DA:67,0
DA:68,0
DA:73,3
DA:74,1
DA:75,1
DA:78,1
DA:83,1
DA:84,0
DA:90,1
DA:93,1
DA:101,1
DA:108,0
DA:109,0
DA:114,3
DA:115,1
DA:118,1
DA:151,1
DA:156,1
DA:162,0
DA:163,0
DA:167,3
LF:37
LH:16
BRDA:11,0,0,0
BRDA:11,0,1,0
BRDA:24,1,0,0
BRDA:24,1,1,0
BRDA:45,2,0,0
BRDA:45,2,1,0
BRDA:45,3,0,0
BRDA:45,3,1,0
BRDA:57,4,0,0
BRDA:57,4,1,0
BRDA:83,5,0,0
BRDA:83,5,1,1
BRF:12
BRH:1
end_of_record
TN:
SF:src\controllers\team.controller.js
FN:9,(anonymous_0)
FN:42,(anonymous_1)
FN:89,(anonymous_2)
FN:163,(anonymous_3)
FN:200,(anonymous_4)
FN:230,(anonymous_5)
FN:262,(anonymous_6)
FNF:7
FNH:0
FNDA:0,(anonymous_0)
FNDA:0,(anonymous_1)
FNDA:0,(anonymous_2)
FNDA:0,(anonymous_3)
FNDA:0,(anonymous_4)
FNDA:0,(anonymous_5)
FNDA:0,(anonymous_6)
DA:4,3
DA:9,3
DA:10,0
DA:12,0
DA:28,0
DA:34,0
DA:35,0
DA:42,3
DA:43,0
DA:44,0
DA:47,0
DA:55,0
DA:56,0
DA:63,0
DA:73,0
DA:81,0
DA:82,0
DA:89,3
DA:90,0
DA:91,0
DA:93,0
DA:94,0
DA:101,0
DA:102,0
DA:107,0
DA:108,0
DA:117,0
DA:119,0
DA:120,0
DA:122,0
DA:129,0
DA:132,0
DA:133,0
DA:141,0
DA:143,0
DA:149,0
DA:150,0
DA:152,0
DA:155,0
DA:156,0
DA:163,3
DA:164,0
DA:165,0
DA:166,0
DA:168,0
DA:179,0
DA:180,0
DA:186,0
DA:192,0
DA:193,0
DA:200,3
DA:201,0
DA:202,0
DA:204,0
DA:209,0
DA:210,0
DA:216,0
DA:222,0
DA:223,0
DA:230,3
DA:231,0
DA:232,0
DA:233,0
DA:235,0
DA:236,0
DA:242,0
DA:249,0
DA:254,0
DA:255,0
DA:262,3
DA:263,0
DA:264,0
DA:266,0
DA:271,0
DA:276,0
DA:277,0
DA:281,3
LF:77
LH:9
BRDA:55,0,0,0
BRDA:55,0,1,0
BRDA:93,1,0,0
BRDA:93,1,1,0
BRDA:101,2,0,0
BRDA:101,2,1,0
BRDA:107,3,0,0
BRDA:107,3,1,0
BRDA:126,4,0,0
BRDA:126,4,1,0
BRDA:126,5,0,0
BRDA:126,5,1,0
BRDA:132,6,0,0
BRDA:132,6,1,0
BRDA:179,7,0,0
BRDA:179,7,1,0
BRDA:209,8,0,0
BRDA:209,8,1,0
BRDA:235,9,0,0
BRDA:235,9,1,0
BRF:20
BRH:0
end_of_record
TN:
SF:src\controllers\user.controller.js
FN:9,(anonymous_0)
FN:38,(anonymous_1)
FN:70,(anonymous_2)
FN:111,(anonymous_3)
FN:152,(anonymous_4)
FNF:5
FNH:2
FNDA:0,(anonymous_0)
FNDA:0,(anonymous_1)
FNDA:0,(anonymous_2)
FNDA:1,(anonymous_3)
FNDA:1,(anonymous_4)
DA:4,3
DA:9,3
DA:10,0
DA:12,0
DA:20,0
DA:26,0
DA:27,0
DA:38,3
DA:39,0
DA:40,0
DA:42,0
DA:50,0
DA:51,0
DA:57,0
DA:62,0
DA:63,0
DA:70,3
DA:71,0
DA:72,0
DA:75,0
DA:76,0
DA:83,0
DA:90,0
DA:97,0
DA:98,0
DA:103,0
DA:104,0
DA:111,3
DA:112,1
DA:113,1
DA:114,1
DA:116,1
DA:131,1
DA:132,1
DA:138,0
DA:144,0
DA:145,0
DA:152,3
DA:153,1
DA:154,1
DA:159,1
DA:167,1
DA:168,1
DA:174,0
DA:180,0
DA:181,0
DA:185,3
LF:47
LH:18
BRDA:50,0,0,0
BRDA:50,0,1,0
BRDA:75,1,0,0
BRDA:75,1,1,0
BRDA:75,2,0,0
BRDA:75,2,1,0
BRDA:75,2,2,0
BRDA:87,3,0,0
BRDA:87,3,1,0
BRDA:87,4,0,0
BRDA:87,4,1,0
BRDA:97,5,0,0
BRDA:97,5,1,0
BRDA:131,6,0,1
BRDA:131,6,1,0
BRDA:167,7,0,1
BRDA:167,7,1,0
BRF:17
BRH:2
end_of_record
TN:
SF:src\data\store.js
FN:63,(anonymous_0)
FN:64,(anonymous_1)
FN:65,(anonymous_2)
FNF:3
FNH:0
FNDA:0,(anonymous_0)
FNDA:0,(anonymous_1)
FNDA:0,(anonymous_2)
DA:7,0
DA:27,0
DA:38,0
DA:54,0
DA:55,0
DA:56,0
DA:59,0
DA:63,0
DA:64,0
DA:65,0
LF:10
LH:0
BRF:0
BRH:0
end_of_record
TN:
SF:src\middleware\auth.middleware.js
FN:6,(anonymous_0)
FNF:1
FNH:1
FNDA:16,(anonymous_0)
DA:4,3
DA:6,3
DA:7,16
DA:11,16
DA:13,16
DA:14,3
DA:21,13
DA:25,13
DA:29,7
DA:36,7
DA:38,6
DA:39,0
DA:44,6
DA:51,3
LF:14
LH:13
BRDA:13,0,0,3
BRDA:13,0,1,13
BRDA:13,1,0,16
BRDA:13,1,1,13
BRDA:38,2,0,0
BRDA:38,2,1,6
BRF:6
BRH:5
end_of_record
TN:
SF:src\middleware\role.middleware.js
FN:8,(anonymous_0)
FN:9,(anonymous_1)
FNF:2
FNH:2
FNDA:9,(anonymous_0)
FNDA:4,(anonymous_1)
DA:8,3
DA:9,9
DA:11,4
DA:12,0
DA:19,4
DA:20,2
DA:26,2
DA:31,3
DA:32,3
DA:33,3
DA:35,3
LF:11
LH:10
BRDA:11,0,0,0
BRDA:11,0,1,4
BRDA:19,1,0,2
BRDA:19,1,1,2
BRF:4
BRH:3
end_of_record
TN:
SF:src\routes\auth.routes.js
FNF:0
FNH:0
DA:4,3
DA:5,3
DA:6,3
DA:7,3
DA:10,3
DA:11,3
DA:14,3
DA:15,3
DA:17,3
LF:9
LH:9
BRF:0
BRH:0
end_of_record
TN:
SF:src\routes\clock.routes.js
FNF:0
FNH:0
DA:1,3
DA:2,3
DA:3,3
DA:4,3
DA:5,3
DA:7,3
DA:8,3
DA:10,3
LF:8
LH:8
BRF:0
BRH:0
end_of_record
TN:
SF:src\routes\team.routes.js
FNF:0
FNH:0
DA:1,3
DA:2,3
DA:6,3
DA:7,3
DA:8,3
DA:10,3
DA:11,3
DA:12,3
DA:13,3
DA:14,3
DA:15,3
DA:16,3
DA:18,3
LF:13
LH:13
BRF:0
BRH:0
end_of_record
TN:
SF:src\routes\user.routes.js
FNF:0
FNH:0
DA:1,3
DA:2,3
DA:5,3
DA:6,3
DA:7,3
DA:13,3
DA:14,3
DA:15,3
DA:16,3
DA:17,3
DA:19,3
LF:11
LH:11
BRF:0
BRH:0
end_of_record
